2014-02-16 00:00:50  [info]  [Arsenals\Core\Input] 类加载完成!
2014-02-16 00:00:50  [info]  [Arsenals\Core\Session] 类加载完成!
2014-02-16 00:00:50  [info]  [Arsenals\Core\Security] 类加载完成!
2014-02-16 00:00:50  [info]  [Arsenals\Core\Uri] 类加载完成!
2014-02-16 00:00:50  [info]  [Arsenals\Core\Router] 类加载完成!
2014-02-16 00:00:50  [info]  [Arsenals\Core\Filters] 类加载完成!
2014-02-16 00:00:50  [info]  [Admin\controllers\Page] 类加载完成!
2014-02-16 00:00:50  [info]  [Arsenals\Core\Input] 类加载完成!
2014-02-16 00:00:50  [info]  [Arsenals\Core\Database\MySQL\MySQLiDataSource] 类加载完成!
2014-02-16 00:00:51  [info]  [Common\models\Page] 类加载完成!
2014-02-16 00:00:51  [debug]  [system] 执行SQL：SELECT * FROM ar_page WHERE id = ?  
2014-02-16 00:00:51  [info]  [Arsenals\Core\Views\ViewAndModel] 类加载完成!
2014-02-16 00:00:51  [info]  [Arsenals\Core\Views\SimpleView] 类加载完成!
2014-02-16 00:00:51  [info]  [Arsenals\Core\Output] 类加载完成!
2014-02-16 00:00:51  [debug]  [system] 系统运行时间: 1.0732
2014-02-16 00:00:51  [debug]  [system] 控制器执行时间: 1.0429
2014-02-16 00:11:23  [info]  [Arsenals\Core\Input] 类加载完成!
2014-02-16 00:11:23  [info]  [Arsenals\Core\Session] 类加载完成!
2014-02-16 00:11:23  [info]  [Arsenals\Core\Security] 类加载完成!
2014-02-16 00:11:23  [info]  [Arsenals\Core\Uri] 类加载完成!
2014-02-16 00:11:23  [info]  [Arsenals\Core\Router] 类加载完成!
2014-02-16 00:11:23  [info]  [Arsenals\Core\Filters] 类加载完成!
2014-02-16 00:11:23  [info]  [Admin\controllers\Page] 类加载完成!
2014-02-16 00:11:23  [info]  [Arsenals\Core\Input] 类加载完成!
2014-02-16 00:11:23  [info]  [Arsenals\Core\Database\MySQL\MySQLiDataSource] 类加载完成!
2014-02-16 00:11:24  [info]  [Common\models\Page] 类加载完成!
2014-02-16 00:11:24  [debug]  [system] 执行SQL：SELECT * FROM ar_page WHERE id = ?  
2014-02-16 00:11:24  [info]  [Arsenals\Core\Views\ViewAndModel] 类加载完成!
2014-02-16 00:11:24  [info]  [Arsenals\Core\Views\SimpleView] 类加载完成!
2014-02-16 00:11:24  [info]  [Arsenals\Core\Output] 类加载完成!
2014-02-16 00:11:24  [debug]  [system] 系统运行时间: 1.0485
2014-02-16 00:11:24  [debug]  [system] 控制器执行时间: 1.0221
2014-02-16 00:18:20  [info]  [Arsenals\Core\Input] 类加载完成!
2014-02-16 00:18:20  [info]  [Arsenals\Core\Session] 类加载完成!
2014-02-16 00:18:20  [info]  [Arsenals\Core\Security] 类加载完成!
2014-02-16 00:18:20  [info]  [Arsenals\Core\Uri] 类加载完成!
2014-02-16 00:18:20  [info]  [Arsenals\Core\Router] 类加载完成!
2014-02-16 00:18:20  [info]  [Arsenals\Core\Filters] 类加载完成!
2014-02-16 00:18:20  [info]  [Admin\controllers\Index] 类加载完成!
2014-02-16 00:18:20  [info]  [Arsenals\Core\Views\ViewAndModel] 类加载完成!
2014-02-16 00:18:20  [info]  [Arsenals\Core\Views\SimpleView] 类加载完成!
2014-02-16 00:18:20  [info]  [Arsenals\Core\Output] 类加载完成!
2014-02-16 00:18:20  [debug]  [system] 系统运行时间: 0.0329
2014-02-16 00:18:20  [debug]  [system] 控制器执行时间: 0.0054
2014-02-16 00:18:20  [info]  [Arsenals\Core\Input] 类加载完成!
2014-02-16 00:18:20  [info]  [Arsenals\Core\Session] 类加载完成!
2014-02-16 00:18:20  [info]  [Arsenals\Core\Input] 类加载完成!
2014-02-16 00:18:20  [info]  [Arsenals\Core\Security] 类加载完成!
2014-02-16 00:18:20  [info]  [Arsenals\Core\Uri] 类加载完成!
2014-02-16 00:18:20  [info]  [Arsenals\Core\Router] 类加载完成!
2014-02-16 00:18:20  [info]  [Arsenals\Core\Filters] 类加载完成!
2014-02-16 00:18:20  [info]  [Admin\controllers\Widget] 类加载完成!
2014-02-16 00:18:20  [info]  [Arsenals\Core\Views\ViewAndModel] 类加载完成!
2014-02-16 00:18:20  [info]  [Arsenals\Core\Views\SimpleView] 类加载完成!
2014-02-16 00:18:20  [info]  [Arsenals\Core\Output] 类加载完成!
2014-02-16 00:18:20  [debug]  [system] 系统运行时间: 0.0253
2014-02-16 00:18:20  [debug]  [system] 控制器执行时间: 0.0071
2014-02-16 00:18:20  [info]  [Arsenals\Core\Session] 类加载完成!
2014-02-16 00:18:20  [info]  [Arsenals\Core\Security] 类加载完成!
2014-02-16 00:18:20  [info]  [Arsenals\Core\Uri] 类加载完成!
2014-02-16 00:18:20  [info]  [Arsenals\Core\Router] 类加载完成!
2014-02-16 00:18:20  [info]  [Arsenals\Core\Filters] 类加载完成!
2014-02-16 00:18:20  [info]  [Admin\controllers\Widget] 类加载完成!
2014-02-16 00:18:20  [info]  [Arsenals\Core\Views\ViewAndModel] 类加载完成!
2014-02-16 00:18:20  [info]  [Arsenals\Core\Views\SimpleView] 类加载完成!
2014-02-16 00:18:20  [info]  [Arsenals\Core\Output] 类加载完成!
2014-02-16 00:18:20  [debug]  [system] 系统运行时间: 0.0430
2014-02-16 00:18:20  [debug]  [system] 控制器执行时间: 0.0076
2014-02-16 00:18:20  [info]  [Arsenals\Core\Input] 类加载完成!
2014-02-16 00:18:20  [info]  [Arsenals\Core\Session] 类加载完成!
2014-02-16 00:18:20  [info]  [Arsenals\Core\Security] 类加载完成!
2014-02-16 00:18:20  [info]  [Arsenals\Core\Uri] 类加载完成!
2014-02-16 00:18:20  [info]  [Arsenals\Core\Router] 类加载完成!
2014-02-16 00:18:20  [info]  [Arsenals\Core\Filters] 类加载完成!
2014-02-16 00:18:20  [info]  [Admin\controllers\Index] 类加载完成!
2014-02-16 00:18:20  [info]  [Arsenals\Core\Input] 类加载完成!
2014-02-16 00:18:20  [info]  [Arsenals\Core\Views\ViewAndModel] 类加载完成!
2014-02-16 00:18:20  [info]  [Arsenals\Core\Views\SimpleView] 类加载完成!
2014-02-16 00:18:20  [info]  [Arsenals\Core\Output] 类加载完成!
2014-02-16 00:18:20  [debug]  [system] 系统运行时间: 0.0238
2014-02-16 00:18:20  [debug]  [system] 控制器执行时间: 0.0070
2014-02-16 00:18:22  [info]  [Arsenals\Core\Input] 类加载完成!
2014-02-16 00:18:22  [info]  [Arsenals\Core\Session] 类加载完成!
2014-02-16 00:18:22  [info]  [Arsenals\Core\Security] 类加载完成!
2014-02-16 00:18:22  [info]  [Arsenals\Core\Uri] 类加载完成!
2014-02-16 00:18:22  [info]  [Arsenals\Core\Router] 类加载完成!
2014-02-16 00:18:22  [info]  [Arsenals\Core\Filters] 类加载完成!
2014-02-16 00:18:23  [info]  [Admin\controllers\Page] 类加载完成!
2014-02-16 00:18:23  [info]  [Arsenals\Core\Input] 类加载完成!
2014-02-16 00:18:23  [info]  [Arsenals\Core\Database\MySQL\MySQLiDataSource] 类加载完成!
2014-02-16 00:18:24  [info]  [Common\models\Page] 类加载完成!
2014-02-16 00:18:24  [info]  [Arsenals\Core\Views\ViewAndModel] 类加载完成!
2014-02-16 00:18:24  [info]  [Arsenals\Core\Views\SimpleView] 类加载完成!
2014-02-16 00:18:24  [info]  [Arsenals\Core\Output] 类加载完成!
2014-02-16 00:18:24  [debug]  [system] 系统运行时间: 1.0487
2014-02-16 00:18:24  [debug]  [system] 控制器执行时间: 1.0278
2014-02-16 00:18:26  [info]  [Arsenals\Core\Input] 类加载完成!
2014-02-16 00:18:26  [info]  [Arsenals\Core\Session] 类加载完成!
2014-02-16 00:18:26  [info]  [Arsenals\Core\Security] 类加载完成!
2014-02-16 00:18:26  [info]  [Arsenals\Core\Uri] 类加载完成!
2014-02-16 00:18:26  [info]  [Arsenals\Core\Router] 类加载完成!
2014-02-16 00:18:26  [info]  [Arsenals\Core\Filters] 类加载完成!
2014-02-16 00:18:26  [info]  [Admin\controllers\Page] 类加载完成!
2014-02-16 00:18:26  [info]  [Arsenals\Core\Input] 类加载完成!
2014-02-16 00:18:26  [info]  [Arsenals\Core\Database\MySQL\MySQLiDataSource] 类加载完成!
2014-02-16 00:18:27  [info]  [Common\models\Page] 类加载完成!
2014-02-16 00:18:27  [debug]  [system] 执行SQL：SELECT * FROM ar_page WHERE id = ?  
2014-02-16 00:18:27  [info]  [Arsenals\Core\Views\ViewAndModel] 类加载完成!
2014-02-16 00:18:27  [info]  [Arsenals\Core\Views\SimpleView] 类加载完成!
2014-02-16 00:18:27  [info]  [Arsenals\Core\Output] 类加载完成!
2014-02-16 00:18:27  [debug]  [system] 系统运行时间: 1.0481
2014-02-16 00:18:27  [debug]  [system] 控制器执行时间: 1.0267
2014-02-16 00:19:23  [info]  [Arsenals\Core\Input] 类加载完成!
2014-02-16 00:19:23  [info]  [Arsenals\Core\Session] 类加载完成!
2014-02-16 00:19:23  [info]  [Arsenals\Core\Security] 类加载完成!
2014-02-16 00:19:23  [info]  [Arsenals\Core\Uri] 类加载完成!
2014-02-16 00:19:23  [info]  [Arsenals\Core\Router] 类加载完成!
2014-02-16 00:19:23  [info]  [Arsenals\Core\Filters] 类加载完成!
2014-02-16 00:19:23  [info]  [Admin\controllers\Page] 类加载完成!
2014-02-16 00:19:23  [info]  [Arsenals\Core\Input] 类加载完成!
2014-02-16 00:19:24  [info]  [Arsenals\Core\Database\MySQL\MySQLiDataSource] 类加载完成!
2014-02-16 00:19:25  [info]  [Common\models\Page] 类加载完成!
2014-02-16 00:19:25  [debug]  [system] 执行SQL：UPDATE `ar_page` SET title='测试页面',templates='<div style="font-size: 24px">
	你好，这是测试页面模板!
</div>
<div style="font-size:30px;">
haha!
</div>',updator='admin',update_date='1392481165' WHERE id = 1  
2014-02-16 00:19:25  [info]  [Arsenals\Core\Views\Ajax] 类加载完成!
2014-02-16 00:19:25  [info]  [Arsenals\Core\Output] 类加载完成!
2014-02-16 00:19:25  [debug]  [system] 系统运行时间: 1.1763
2014-02-16 00:19:25  [debug]  [system] 控制器执行时间: 1.1582
2014-02-16 00:19:25  [info]  [Arsenals\Core\Input] 类加载完成!
2014-02-16 00:19:25  [info]  [Arsenals\Core\Session] 类加载完成!
2014-02-16 00:19:25  [info]  [Arsenals\Core\Security] 类加载完成!
2014-02-16 00:19:25  [info]  [Arsenals\Core\Uri] 类加载完成!
2014-02-16 00:19:25  [info]  [Arsenals\Core\Router] 类加载完成!
2014-02-16 00:19:25  [info]  [Arsenals\Core\Filters] 类加载完成!
2014-02-16 00:19:25  [info]  [Admin\controllers\Page] 类加载完成!
2014-02-16 00:19:25  [info]  [Arsenals\Core\Input] 类加载完成!
2014-02-16 00:19:25  [info]  [Arsenals\Core\Database\MySQL\MySQLiDataSource] 类加载完成!
2014-02-16 00:19:26  [info]  [Common\models\Page] 类加载完成!
2014-02-16 00:19:26  [debug]  [system] 执行SQL：SELECT * FROM ar_page WHERE id = ?  
2014-02-16 00:19:26  [info]  [Arsenals\Core\Views\ViewAndModel] 类加载完成!
2014-02-16 00:19:26  [info]  [Arsenals\Core\Views\SimpleView] 类加载完成!
2014-02-16 00:19:26  [info]  [Arsenals\Core\Output] 类加载完成!
2014-02-16 00:19:26  [debug]  [system] 系统运行时间: 1.0643
2014-02-16 00:19:26  [debug]  [system] 控制器执行时间: 1.0365
2014-02-16 00:22:32  [info]  [Arsenals\Core\Input] 类加载完成!
2014-02-16 00:22:32  [info]  [Arsenals\Core\Session] 类加载完成!
2014-02-16 00:22:32  [info]  [Arsenals\Core\Security] 类加载完成!
2014-02-16 00:22:32  [info]  [Arsenals\Core\Uri] 类加载完成!
2014-02-16 00:22:32  [info]  [Arsenals\Core\Router] 类加载完成!
2014-02-16 00:22:32  [info]  [Arsenals\Core\Filters] 类加载完成!
2014-02-16 00:22:32  [info]  [Admin\controllers\Index] 类加载完成!
2014-02-16 00:22:32  [info]  [Arsenals\Core\Views\ViewAndModel] 类加载完成!
2014-02-16 00:22:32  [info]  [Arsenals\Core\Views\SimpleView] 类加载完成!
2014-02-16 00:22:32  [info]  [Arsenals\Core\Output] 类加载完成!
2014-02-16 00:22:32  [debug]  [system] 系统运行时间: 0.0270
2014-02-16 00:22:32  [debug]  [system] 控制器执行时间: 0.0055
2014-02-16 00:22:32  [info]  [Arsenals\Core\Input] 类加载完成!
2014-02-16 00:22:32  [info]  [Arsenals\Core\Input] 类加载完成!
2014-02-16 00:22:32  [info]  [Arsenals\Core\Session] 类加载完成!
2014-02-16 00:22:32  [info]  [Arsenals\Core\Security] 类加载完成!
2014-02-16 00:22:32  [info]  [Arsenals\Core\Uri] 类加载完成!
2014-02-16 00:22:32  [info]  [Arsenals\Core\Router] 类加载完成!
2014-02-16 00:22:32  [info]  [Arsenals\Core\Filters] 类加载完成!
2014-02-16 00:22:32  [info]  [Admin\controllers\Widget] 类加载完成!
2014-02-16 00:22:32  [info]  [Arsenals\Core\Views\ViewAndModel] 类加载完成!
2014-02-16 00:22:32  [info]  [Arsenals\Core\Views\SimpleView] 类加载完成!
2014-02-16 00:22:32  [info]  [Arsenals\Core\Output] 类加载完成!
2014-02-16 00:22:32  [debug]  [system] 系统运行时间: 0.0298
2014-02-16 00:22:32  [debug]  [system] 控制器执行时间: 0.0081
2014-02-16 00:22:32  [info]  [Arsenals\Core\Session] 类加载完成!
2014-02-16 00:22:32  [info]  [Arsenals\Core\Security] 类加载完成!
2014-02-16 00:22:32  [info]  [Arsenals\Core\Uri] 类加载完成!
2014-02-16 00:22:32  [info]  [Arsenals\Core\Router] 类加载完成!
2014-02-16 00:22:32  [info]  [Arsenals\Core\Filters] 类加载完成!
2014-02-16 00:22:32  [info]  [Admin\controllers\Widget] 类加载完成!
2014-02-16 00:22:32  [info]  [Arsenals\Core\Views\ViewAndModel] 类加载完成!
2014-02-16 00:22:32  [info]  [Arsenals\Core\Views\SimpleView] 类加载完成!
2014-02-16 00:22:32  [info]  [Arsenals\Core\Output] 类加载完成!
2014-02-16 00:22:32  [debug]  [system] 系统运行时间: 0.0506
2014-02-16 00:22:32  [debug]  [system] 控制器执行时间: 0.0096
2014-02-16 00:22:33  [info]  [Arsenals\Core\Input] 类加载完成!
2014-02-16 00:22:33  [info]  [Arsenals\Core\Session] 类加载完成!
2014-02-16 00:22:33  [info]  [Arsenals\Core\Security] 类加载完成!
2014-02-16 00:22:33  [info]  [Arsenals\Core\Uri] 类加载完成!
2014-02-16 00:22:33  [info]  [Arsenals\Core\Router] 类加载完成!
2014-02-16 00:22:33  [info]  [Arsenals\Core\Filters] 类加载完成!
2014-02-16 00:22:33  [info]  [Admin\controllers\Index] 类加载完成!
2014-02-16 00:22:33  [info]  [Arsenals\Core\Input] 类加载完成!
2014-02-16 00:22:33  [info]  [Arsenals\Core\Views\ViewAndModel] 类加载完成!
2014-02-16 00:22:33  [info]  [Arsenals\Core\Views\SimpleView] 类加载完成!
2014-02-16 00:22:33  [info]  [Arsenals\Core\Output] 类加载完成!
2014-02-16 00:22:33  [debug]  [system] 系统运行时间: 0.0305
2014-02-16 00:22:33  [debug]  [system] 控制器执行时间: 0.0065
2014-02-16 00:22:35  [info]  [Arsenals\Core\Input] 类加载完成!
2014-02-16 00:22:35  [info]  [Arsenals\Core\Session] 类加载完成!
2014-02-16 00:22:35  [info]  [Arsenals\Core\Security] 类加载完成!
2014-02-16 00:22:35  [info]  [Arsenals\Core\Uri] 类加载完成!
2014-02-16 00:22:35  [info]  [Arsenals\Core\Router] 类加载完成!
2014-02-16 00:22:35  [info]  [Arsenals\Core\Filters] 类加载完成!
2014-02-16 00:22:35  [info]  [Admin\controllers\Page] 类加载完成!
2014-02-16 00:22:35  [info]  [Arsenals\Core\Input] 类加载完成!
2014-02-16 00:22:35  [info]  [Arsenals\Core\Views\ViewAndModel] 类加载完成!
2014-02-16 00:22:35  [info]  [Arsenals\Core\Views\SimpleView] 类加载完成!
2014-02-16 00:22:35  [info]  [Arsenals\Core\Output] 类加载完成!
2014-02-16 00:22:35  [debug]  [system] 系统运行时间: 0.0234
2014-02-16 00:22:35  [debug]  [system] 控制器执行时间: 0.0053
2014-02-16 00:22:59  [info]  [Arsenals\Core\Input] 类加载完成!
2014-02-16 00:22:59  [info]  [Arsenals\Core\Session] 类加载完成!
2014-02-16 00:22:59  [info]  [Arsenals\Core\Security] 类加载完成!
2014-02-16 00:22:59  [info]  [Arsenals\Core\Uri] 类加载完成!
2014-02-16 00:22:59  [info]  [Arsenals\Core\Router] 类加载完成!
2014-02-16 00:22:59  [info]  [Arsenals\Core\Filters] 类加载完成!
2014-02-16 00:22:59  [info]  [Admin\controllers\Page] 类加载完成!
2014-02-16 00:22:59  [info]  [Arsenals\Core\Input] 类加载完成!
2014-02-16 00:22:59  [info]  [Arsenals\Core\Views\ViewAndModel] 类加载完成!
2014-02-16 00:22:59  [info]  [Arsenals\Core\Views\SimpleView] 类加载完成!
2014-02-16 00:22:59  [info]  [Arsenals\Core\Output] 类加载完成!
2014-02-16 00:22:59  [debug]  [system] 系统运行时间: 0.0318
2014-02-16 00:22:59  [debug]  [system] 控制器执行时间: 0.0079
2014-02-16 00:24:59  [info]  [Arsenals\Core\Input] 类加载完成!
2014-02-16 00:24:59  [info]  [Arsenals\Core\Session] 类加载完成!
2014-02-16 00:24:59  [info]  [Arsenals\Core\Security] 类加载完成!
2014-02-16 00:24:59  [info]  [Arsenals\Core\Uri] 类加载完成!
2014-02-16 00:24:59  [info]  [Arsenals\Core\Router] 类加载完成!
2014-02-16 00:24:59  [info]  [Arsenals\Core\Filters] 类加载完成!
2014-02-16 00:24:59  [info]  [Admin\controllers\Index] 类加载完成!
2014-02-16 00:24:59  [info]  [Arsenals\Core\Views\ViewAndModel] 类加载完成!
2014-02-16 00:24:59  [info]  [Arsenals\Core\Views\SimpleView] 类加载完成!
2014-02-16 00:24:59  [info]  [Arsenals\Core\Output] 类加载完成!
2014-02-16 00:24:59  [debug]  [system] 系统运行时间: 0.0271
2014-02-16 00:24:59  [debug]  [system] 控制器执行时间: 0.0053
2014-02-16 00:24:59  [info]  [Arsenals\Core\Input] 类加载完成!
2014-02-16 00:24:59  [info]  [Arsenals\Core\Input] 类加载完成!
2014-02-16 00:24:59  [info]  [Arsenals\Core\Session] 类加载完成!
2014-02-16 00:24:59  [info]  [Arsenals\Core\Security] 类加载完成!
2014-02-16 00:24:59  [info]  [Arsenals\Core\Uri] 类加载完成!
2014-02-16 00:24:59  [info]  [Arsenals\Core\Router] 类加载完成!
2014-02-16 00:24:59  [info]  [Arsenals\Core\Filters] 类加载完成!
2014-02-16 00:24:59  [info]  [Admin\controllers\Widget] 类加载完成!
2014-02-16 00:24:59  [info]  [Arsenals\Core\Views\ViewAndModel] 类加载完成!
2014-02-16 00:24:59  [info]  [Arsenals\Core\Views\SimpleView] 类加载完成!
2014-02-16 00:24:59  [info]  [Arsenals\Core\Output] 类加载完成!
2014-02-16 00:24:59  [debug]  [system] 系统运行时间: 0.0302
2014-02-16 00:24:59  [debug]  [system] 控制器执行时间: 0.0085
2014-02-16 00:24:59  [info]  [Arsenals\Core\Session] 类加载完成!
2014-02-16 00:24:59  [info]  [Arsenals\Core\Security] 类加载完成!
2014-02-16 00:24:59  [info]  [Arsenals\Core\Uri] 类加载完成!
2014-02-16 00:24:59  [info]  [Arsenals\Core\Router] 类加载完成!
2014-02-16 00:24:59  [info]  [Arsenals\Core\Filters] 类加载完成!
2014-02-16 00:24:59  [info]  [Admin\controllers\Widget] 类加载完成!
2014-02-16 00:24:59  [info]  [Arsenals\Core\Views\ViewAndModel] 类加载完成!
2014-02-16 00:24:59  [info]  [Arsenals\Core\Views\SimpleView] 类加载完成!
2014-02-16 00:24:59  [info]  [Arsenals\Core\Output] 类加载完成!
2014-02-16 00:24:59  [debug]  [system] 系统运行时间: 0.0505
2014-02-16 00:24:59  [debug]  [system] 控制器执行时间: 0.0080
2014-02-16 00:25:00  [info]  [Arsenals\Core\Input] 类加载完成!
2014-02-16 00:25:00  [info]  [Arsenals\Core\Session] 类加载完成!
2014-02-16 00:25:00  [info]  [Arsenals\Core\Security] 类加载完成!
2014-02-16 00:25:00  [info]  [Arsenals\Core\Uri] 类加载完成!
2014-02-16 00:25:00  [info]  [Arsenals\Core\Router] 类加载完成!
2014-02-16 00:25:00  [info]  [Arsenals\Core\Filters] 类加载完成!
2014-02-16 00:25:00  [info]  [Admin\controllers\Index] 类加载完成!
2014-02-16 00:25:00  [info]  [Arsenals\Core\Input] 类加载完成!
2014-02-16 00:25:00  [info]  [Arsenals\Core\Views\ViewAndModel] 类加载完成!
2014-02-16 00:25:00  [info]  [Arsenals\Core\Views\SimpleView] 类加载完成!
2014-02-16 00:25:00  [info]  [Arsenals\Core\Output] 类加载完成!
2014-02-16 00:25:00  [debug]  [system] 系统运行时间: 0.0228
2014-02-16 00:25:00  [debug]  [system] 控制器执行时间: 0.0067
2014-02-16 00:25:02  [info]  [Arsenals\Core\Input] 类加载完成!
2014-02-16 00:25:02  [info]  [Arsenals\Core\Session] 类加载完成!
2014-02-16 00:25:02  [info]  [Arsenals\Core\Security] 类加载完成!
2014-02-16 00:25:02  [info]  [Arsenals\Core\Uri] 类加载完成!
2014-02-16 00:25:02  [info]  [Arsenals\Core\Router] 类加载完成!
2014-02-16 00:25:02  [info]  [Arsenals\Core\Filters] 类加载完成!
2014-02-16 00:25:02  [info]  [Admin\controllers\Page] 类加载完成!
2014-02-16 00:25:02  [info]  [Arsenals\Core\Input] 类加载完成!
2014-02-16 00:25:02  [info]  [Arsenals\Core\Views\ViewAndModel] 类加载完成!
2014-02-16 00:25:02  [info]  [Arsenals\Core\Views\SimpleView] 类加载完成!
2014-02-16 00:25:02  [info]  [Arsenals\Core\Output] 类加载完成!
2014-02-16 00:25:02  [debug]  [system] 系统运行时间: 0.0210
2014-02-16 00:25:02  [debug]  [system] 控制器执行时间: 0.0051
2014-02-16 00:27:00  [info]  [Arsenals\Core\Input] 类加载完成!
2014-02-16 00:27:00  [info]  [Arsenals\Core\Session] 类加载完成!
2014-02-16 00:27:00  [info]  [Arsenals\Core\Security] 类加载完成!
2014-02-16 00:27:00  [info]  [Arsenals\Core\Uri] 类加载完成!
2014-02-16 00:27:00  [info]  [Arsenals\Core\Router] 类加载完成!
2014-02-16 00:27:00  [info]  [Arsenals\Core\Filters] 类加载完成!
2014-02-16 00:27:00  [info]  [Admin\controllers\Index] 类加载完成!
2014-02-16 00:27:00  [info]  [Arsenals\Core\Views\ViewAndModel] 类加载完成!
2014-02-16 00:27:00  [info]  [Arsenals\Core\Views\SimpleView] 类加载完成!
2014-02-16 00:27:00  [info]  [Arsenals\Core\Output] 类加载完成!
2014-02-16 00:27:00  [debug]  [system] 系统运行时间: 0.0294
2014-02-16 00:27:00  [debug]  [system] 控制器执行时间: 0.0066
2014-02-16 00:27:00  [info]  [Arsenals\Core\Input] 类加载完成!
2014-02-16 00:27:00  [info]  [Arsenals\Core\Input] 类加载完成!
2014-02-16 00:27:00  [info]  [Arsenals\Core\Session] 类加载完成!
2014-02-16 00:27:00  [info]  [Arsenals\Core\Security] 类加载完成!
2014-02-16 00:27:00  [info]  [Arsenals\Core\Uri] 类加载完成!
2014-02-16 00:27:00  [info]  [Arsenals\Core\Router] 类加载完成!
2014-02-16 00:27:00  [info]  [Arsenals\Core\Filters] 类加载完成!
2014-02-16 00:27:00  [info]  [Admin\controllers\Widget] 类加载完成!
2014-02-16 00:27:00  [info]  [Arsenals\Core\Views\ViewAndModel] 类加载完成!
2014-02-16 00:27:00  [info]  [Arsenals\Core\Views\SimpleView] 类加载完成!
2014-02-16 00:27:00  [info]  [Arsenals\Core\Output] 类加载完成!
2014-02-16 00:27:00  [debug]  [system] 系统运行时间: 0.0298
2014-02-16 00:27:00  [debug]  [system] 控制器执行时间: 0.0094
2014-02-16 00:27:00  [info]  [Arsenals\Core\Session] 类加载完成!
2014-02-16 00:27:00  [info]  [Arsenals\Core\Security] 类加载完成!
2014-02-16 00:27:00  [info]  [Arsenals\Core\Uri] 类加载完成!
2014-02-16 00:27:00  [info]  [Arsenals\Core\Router] 类加载完成!
2014-02-16 00:27:00  [info]  [Arsenals\Core\Filters] 类加载完成!
2014-02-16 00:27:00  [info]  [Admin\controllers\Widget] 类加载完成!
2014-02-16 00:27:00  [info]  [Arsenals\Core\Views\ViewAndModel] 类加载完成!
2014-02-16 00:27:00  [info]  [Arsenals\Core\Views\SimpleView] 类加载完成!
2014-02-16 00:27:00  [info]  [Arsenals\Core\Output] 类加载完成!
2014-02-16 00:27:00  [debug]  [system] 系统运行时间: 0.0494
2014-02-16 00:27:00  [debug]  [system] 控制器执行时间: 0.0083
2014-02-16 00:27:00  [info]  [Arsenals\Core\Input] 类加载完成!
2014-02-16 00:27:00  [info]  [Arsenals\Core\Session] 类加载完成!
2014-02-16 00:27:00  [info]  [Arsenals\Core\Security] 类加载完成!
2014-02-16 00:27:00  [info]  [Arsenals\Core\Uri] 类加载完成!
2014-02-16 00:27:00  [info]  [Arsenals\Core\Router] 类加载完成!
2014-02-16 00:27:00  [info]  [Arsenals\Core\Filters] 类加载完成!
2014-02-16 00:27:00  [info]  [Admin\controllers\Index] 类加载完成!
2014-02-16 00:27:00  [info]  [Arsenals\Core\Input] 类加载完成!
2014-02-16 00:27:00  [info]  [Arsenals\Core\Views\ViewAndModel] 类加载完成!
2014-02-16 00:27:00  [info]  [Arsenals\Core\Views\SimpleView] 类加载完成!
2014-02-16 00:27:00  [info]  [Arsenals\Core\Output] 类加载完成!
2014-02-16 00:27:00  [debug]  [system] 系统运行时间: 0.0273
2014-02-16 00:27:00  [debug]  [system] 控制器执行时间: 0.0070
2014-02-16 00:27:01  [info]  [Arsenals\Core\Input] 类加载完成!
2014-02-16 00:27:01  [info]  [Arsenals\Core\Session] 类加载完成!
2014-02-16 00:27:01  [info]  [Arsenals\Core\Security] 类加载完成!
2014-02-16 00:27:01  [info]  [Arsenals\Core\Uri] 类加载完成!
2014-02-16 00:27:01  [info]  [Arsenals\Core\Router] 类加载完成!
2014-02-16 00:27:01  [info]  [Arsenals\Core\Filters] 类加载完成!
2014-02-16 00:27:01  [info]  [Admin\controllers\Index] 类加载完成!
2014-02-16 00:27:01  [info]  [Arsenals\Core\Views\ViewAndModel] 类加载完成!
2014-02-16 00:27:01  [info]  [Arsenals\Core\Views\SimpleView] 类加载完成!
2014-02-16 00:27:01  [info]  [Arsenals\Core\Output] 类加载完成!
2014-02-16 00:27:01  [debug]  [system] 系统运行时间: 0.0202
2014-02-16 00:27:01  [debug]  [system] 控制器执行时间: 0.0037
2014-02-16 00:27:01  [info]  [Arsenals\Core\Input] 类加载完成!
2014-02-16 00:27:01  [info]  [Arsenals\Core\Input] 类加载完成!
2014-02-16 00:27:01  [info]  [Arsenals\Core\Session] 类加载完成!
2014-02-16 00:27:01  [info]  [Arsenals\Core\Security] 类加载完成!
2014-02-16 00:27:01  [info]  [Arsenals\Core\Uri] 类加载完成!
2014-02-16 00:27:01  [info]  [Arsenals\Core\Router] 类加载完成!
2014-02-16 00:27:01  [info]  [Arsenals\Core\Filters] 类加载完成!
2014-02-16 00:27:01  [info]  [Admin\controllers\Widget] 类加载完成!
2014-02-16 00:27:01  [info]  [Arsenals\Core\Views\ViewAndModel] 类加载完成!
2014-02-16 00:27:01  [info]  [Arsenals\Core\Views\SimpleView] 类加载完成!
2014-02-16 00:27:01  [info]  [Arsenals\Core\Output] 类加载完成!
2014-02-16 00:27:01  [debug]  [system] 系统运行时间: 0.0304
2014-02-16 00:27:01  [debug]  [system] 控制器执行时间: 0.0093
2014-02-16 00:27:01  [info]  [Arsenals\Core\Session] 类加载完成!
2014-02-16 00:27:01  [info]  [Arsenals\Core\Security] 类加载完成!
2014-02-16 00:27:01  [info]  [Arsenals\Core\Uri] 类加载完成!
2014-02-16 00:27:01  [info]  [Arsenals\Core\Router] 类加载完成!
2014-02-16 00:27:01  [info]  [Arsenals\Core\Filters] 类加载完成!
2014-02-16 00:27:01  [info]  [Admin\controllers\Widget] 类加载完成!
2014-02-16 00:27:01  [info]  [Arsenals\Core\Views\ViewAndModel] 类加载完成!
2014-02-16 00:27:01  [info]  [Arsenals\Core\Views\SimpleView] 类加载完成!
2014-02-16 00:27:01  [info]  [Arsenals\Core\Output] 类加载完成!
2014-02-16 00:27:01  [debug]  [system] 系统运行时间: 0.0474
2014-02-16 00:27:01  [debug]  [system] 控制器执行时间: 0.0072
2014-02-16 00:27:02  [info]  [Arsenals\Core\Input] 类加载完成!
2014-02-16 00:27:02  [info]  [Arsenals\Core\Session] 类加载完成!
2014-02-16 00:27:02  [info]  [Arsenals\Core\Security] 类加载完成!
2014-02-16 00:27:02  [info]  [Arsenals\Core\Uri] 类加载完成!
2014-02-16 00:27:02  [info]  [Arsenals\Core\Router] 类加载完成!
2014-02-16 00:27:02  [info]  [Arsenals\Core\Filters] 类加载完成!
2014-02-16 00:27:02  [info]  [Admin\controllers\Index] 类加载完成!
2014-02-16 00:27:02  [info]  [Arsenals\Core\Input] 类加载完成!
2014-02-16 00:27:02  [info]  [Arsenals\Core\Views\ViewAndModel] 类加载完成!
2014-02-16 00:27:02  [info]  [Arsenals\Core\Views\SimpleView] 类加载完成!
2014-02-16 00:27:02  [info]  [Arsenals\Core\Output] 类加载完成!
2014-02-16 00:27:02  [debug]  [system] 系统运行时间: 0.0301
2014-02-16 00:27:02  [debug]  [system] 控制器执行时间: 0.0063
2014-02-16 00:27:03  [info]  [Arsenals\Core\Input] 类加载完成!
2014-02-16 00:27:03  [info]  [Arsenals\Core\Session] 类加载完成!
2014-02-16 00:27:03  [info]  [Arsenals\Core\Security] 类加载完成!
2014-02-16 00:27:03  [info]  [Arsenals\Core\Uri] 类加载完成!
2014-02-16 00:27:03  [info]  [Arsenals\Core\Router] 类加载完成!
2014-02-16 00:27:03  [info]  [Arsenals\Core\Filters] 类加载完成!
2014-02-16 00:27:03  [info]  [Admin\controllers\Page] 类加载完成!
2014-02-16 00:27:03  [info]  [Arsenals\Core\Input] 类加载完成!
2014-02-16 00:27:03  [info]  [Arsenals\Core\Views\ViewAndModel] 类加载完成!
2014-02-16 00:27:03  [info]  [Arsenals\Core\Views\SimpleView] 类加载完成!
2014-02-16 00:27:03  [info]  [Arsenals\Core\Output] 类加载完成!
2014-02-16 00:27:03  [debug]  [system] 系统运行时间: 0.0259
2014-02-16 00:27:03  [debug]  [system] 控制器执行时间: 0.0065
2014-02-16 00:30:00  [info]  [Arsenals\Core\Input] 类加载完成!
2014-02-16 00:30:00  [info]  [Arsenals\Core\Session] 类加载完成!
2014-02-16 00:30:00  [info]  [Arsenals\Core\Security] 类加载完成!
2014-02-16 00:30:00  [info]  [Arsenals\Core\Uri] 类加载完成!
2014-02-16 00:30:00  [info]  [Arsenals\Core\Router] 类加载完成!
2014-02-16 00:30:00  [info]  [Arsenals\Core\Filters] 类加载完成!
2014-02-16 00:30:00  [info]  [Admin\controllers\Index] 类加载完成!
2014-02-16 00:30:00  [info]  [Arsenals\Core\Views\ViewAndModel] 类加载完成!
2014-02-16 00:30:00  [info]  [Arsenals\Core\Views\SimpleView] 类加载完成!
2014-02-16 00:30:00  [info]  [Arsenals\Core\Output] 类加载完成!
2014-02-16 00:30:00  [debug]  [system] 系统运行时间: 0.0236
2014-02-16 00:30:00  [debug]  [system] 控制器执行时间: 0.0041
2014-02-16 00:30:00  [info]  [Arsenals\Core\Input] 类加载完成!
2014-02-16 00:30:00  [info]  [Arsenals\Core\Input] 类加载完成!
2014-02-16 00:30:00  [info]  [Arsenals\Core\Session] 类加载完成!
2014-02-16 00:30:00  [info]  [Arsenals\Core\Security] 类加载完成!
2014-02-16 00:30:00  [info]  [Arsenals\Core\Uri] 类加载完成!
2014-02-16 00:30:00  [info]  [Arsenals\Core\Router] 类加载完成!
2014-02-16 00:30:00  [info]  [Arsenals\Core\Filters] 类加载完成!
2014-02-16 00:30:00  [info]  [Admin\controllers\Widget] 类加载完成!
2014-02-16 00:30:00  [info]  [Arsenals\Core\Views\ViewAndModel] 类加载完成!
2014-02-16 00:30:00  [info]  [Arsenals\Core\Views\SimpleView] 类加载完成!
2014-02-16 00:30:00  [info]  [Arsenals\Core\Output] 类加载完成!
2014-02-16 00:30:00  [debug]  [system] 系统运行时间: 0.0257
2014-02-16 00:30:00  [debug]  [system] 控制器执行时间: 0.0074
2014-02-16 00:30:00  [info]  [Arsenals\Core\Session] 类加载完成!
2014-02-16 00:30:00  [info]  [Arsenals\Core\Security] 类加载完成!
2014-02-16 00:30:00  [info]  [Arsenals\Core\Uri] 类加载完成!
2014-02-16 00:30:00  [info]  [Arsenals\Core\Router] 类加载完成!
2014-02-16 00:30:00  [info]  [Arsenals\Core\Filters] 类加载完成!
2014-02-16 00:30:00  [info]  [Admin\controllers\Widget] 类加载完成!
2014-02-16 00:30:00  [info]  [Arsenals\Core\Views\ViewAndModel] 类加载完成!
2014-02-16 00:30:00  [info]  [Arsenals\Core\Views\SimpleView] 类加载完成!
2014-02-16 00:30:00  [info]  [Arsenals\Core\Output] 类加载完成!
2014-02-16 00:30:00  [debug]  [system] 系统运行时间: 0.0436
2014-02-16 00:30:00  [debug]  [system] 控制器执行时间: 0.0073
2014-02-16 00:30:00  [info]  [Arsenals\Core\Input] 类加载完成!
2014-02-16 00:30:00  [info]  [Arsenals\Core\Session] 类加载完成!
2014-02-16 00:30:00  [info]  [Arsenals\Core\Security] 类加载完成!
2014-02-16 00:30:00  [info]  [Arsenals\Core\Uri] 类加载完成!
2014-02-16 00:30:00  [info]  [Arsenals\Core\Router] 类加载完成!
2014-02-16 00:30:00  [info]  [Arsenals\Core\Filters] 类加载完成!
2014-02-16 00:30:00  [info]  [Admin\controllers\Index] 类加载完成!
2014-02-16 00:30:00  [info]  [Arsenals\Core\Input] 类加载完成!
2014-02-16 00:30:00  [info]  [Arsenals\Core\Views\ViewAndModel] 类加载完成!
2014-02-16 00:30:00  [info]  [Arsenals\Core\Views\SimpleView] 类加载完成!
2014-02-16 00:30:00  [info]  [Arsenals\Core\Output] 类加载完成!
2014-02-16 00:30:00  [debug]  [system] 系统运行时间: 0.0250
2014-02-16 00:30:00  [debug]  [system] 控制器执行时间: 0.0069
2014-02-16 00:30:03  [info]  [Arsenals\Core\Input] 类加载完成!
2014-02-16 00:30:03  [info]  [Arsenals\Core\Session] 类加载完成!
2014-02-16 00:30:03  [info]  [Arsenals\Core\Security] 类加载完成!
2014-02-16 00:30:03  [info]  [Arsenals\Core\Uri] 类加载完成!
2014-02-16 00:30:03  [info]  [Arsenals\Core\Router] 类加载完成!
2014-02-16 00:30:03  [info]  [Arsenals\Core\Filters] 类加载完成!
2014-02-16 00:30:03  [info]  [Admin\controllers\Page] 类加载完成!
2014-02-16 00:30:03  [info]  [Arsenals\Core\Input] 类加载完成!
2014-02-16 00:30:03  [info]  [Arsenals\Core\Database\MySQL\MySQLiDataSource] 类加载完成!
2014-02-16 00:30:04  [info]  [Common\models\Page] 类加载完成!
2014-02-16 00:30:04  [info]  [Arsenals\Core\Views\ViewAndModel] 类加载完成!
2014-02-16 00:30:04  [info]  [Arsenals\Core\Views\SimpleView] 类加载完成!
2014-02-16 00:30:04  [info]  [Arsenals\Core\Output] 类加载完成!
2014-02-16 00:30:04  [debug]  [system] 系统运行时间: 1.0396
2014-02-16 00:30:04  [debug]  [system] 控制器执行时间: 1.0191
2014-02-16 00:30:05  [info]  [Arsenals\Core\Input] 类加载完成!
2014-02-16 00:30:05  [info]  [Arsenals\Core\Session] 类加载完成!
2014-02-16 00:30:05  [info]  [Arsenals\Core\Security] 类加载完成!
2014-02-16 00:30:05  [info]  [Arsenals\Core\Uri] 类加载完成!
2014-02-16 00:30:05  [info]  [Arsenals\Core\Router] 类加载完成!
2014-02-16 00:30:05  [info]  [Arsenals\Core\Filters] 类加载完成!
2014-02-16 00:30:05  [info]  [Admin\controllers\Page] 类加载完成!
2014-02-16 00:30:05  [info]  [Arsenals\Core\Input] 类加载完成!
2014-02-16 00:30:05  [info]  [Arsenals\Core\Views\ViewAndModel] 类加载完成!
2014-02-16 00:30:05  [info]  [Arsenals\Core\Views\SimpleView] 类加载完成!
2014-02-16 00:30:05  [info]  [Arsenals\Core\Output] 类加载完成!
2014-02-16 00:30:05  [debug]  [system] 系统运行时间: 0.0261
2014-02-16 00:30:05  [debug]  [system] 控制器执行时间: 0.0064
2014-02-16 00:32:51  [info]  [Arsenals\Core\Input] 类加载完成!
2014-02-16 00:32:51  [info]  [Arsenals\Core\Session] 类加载完成!
2014-02-16 00:32:51  [info]  [Arsenals\Core\Security] 类加载完成!
2014-02-16 00:32:51  [info]  [Arsenals\Core\Uri] 类加载完成!
2014-02-16 00:32:51  [info]  [Arsenals\Core\Router] 类加载完成!
2014-02-16 00:32:51  [info]  [Arsenals\Core\Filters] 类加载完成!
2014-02-16 00:32:51  [info]  [Admin\controllers\Page] 类加载完成!
2014-02-16 00:32:51  [info]  [Arsenals\Core\Input] 类加载完成!
2014-02-16 00:32:51  [info]  [Arsenals\Core\Views\ViewAndModel] 类加载完成!
2014-02-16 00:32:51  [info]  [Arsenals\Core\Views\SimpleView] 类加载完成!
2014-02-16 00:32:51  [info]  [Arsenals\Core\Output] 类加载完成!
2014-02-16 00:32:51  [debug]  [system] 系统运行时间: 0.0300
2014-02-16 00:32:51  [debug]  [system] 控制器执行时间: 0.0065
2014-02-16 00:32:52  [info]  [Arsenals\Core\Input] 类加载完成!
2014-02-16 00:32:52  [info]  [Arsenals\Core\Session] 类加载完成!
2014-02-16 00:32:52  [info]  [Arsenals\Core\Security] 类加载完成!
2014-02-16 00:32:52  [info]  [Arsenals\Core\Uri] 类加载完成!
2014-02-16 00:32:52  [info]  [Arsenals\Core\Router] 类加载完成!
2014-02-16 00:32:52  [info]  [Arsenals\Core\Filters] 类加载完成!
2014-02-16 00:32:52  [info]  [Admin\controllers\Index] 类加载完成!
2014-02-16 00:32:52  [info]  [Arsenals\Core\Views\ViewAndModel] 类加载完成!
2014-02-16 00:32:52  [info]  [Arsenals\Core\Views\SimpleView] 类加载完成!
2014-02-16 00:32:52  [info]  [Arsenals\Core\Output] 类加载完成!
2014-02-16 00:32:52  [debug]  [system] 系统运行时间: 0.0317
2014-02-16 00:32:52  [debug]  [system] 控制器执行时间: 0.0053
2014-02-16 00:32:53  [info]  [Arsenals\Core\Input] 类加载完成!
2014-02-16 00:32:53  [info]  [Arsenals\Core\Input] 类加载完成!
2014-02-16 00:32:53  [info]  [Arsenals\Core\Session] 类加载完成!
2014-02-16 00:32:53  [info]  [Arsenals\Core\Security] 类加载完成!
2014-02-16 00:32:53  [info]  [Arsenals\Core\Uri] 类加载完成!
2014-02-16 00:32:53  [info]  [Arsenals\Core\Router] 类加载完成!
2014-02-16 00:32:53  [info]  [Arsenals\Core\Filters] 类加载完成!
2014-02-16 00:32:53  [info]  [Admin\controllers\Widget] 类加载完成!
2014-02-16 00:32:53  [info]  [Arsenals\Core\Views\ViewAndModel] 类加载完成!
2014-02-16 00:32:53  [info]  [Arsenals\Core\Views\SimpleView] 类加载完成!
2014-02-16 00:32:53  [info]  [Arsenals\Core\Output] 类加载完成!
2014-02-16 00:32:53  [debug]  [system] 系统运行时间: 0.0255
2014-02-16 00:32:53  [debug]  [system] 控制器执行时间: 0.0067
2014-02-16 00:32:53  [info]  [Arsenals\Core\Session] 类加载完成!
2014-02-16 00:32:53  [info]  [Arsenals\Core\Security] 类加载完成!
2014-02-16 00:32:53  [info]  [Arsenals\Core\Uri] 类加载完成!
2014-02-16 00:32:53  [info]  [Arsenals\Core\Router] 类加载完成!
2014-02-16 00:32:53  [info]  [Arsenals\Core\Filters] 类加载完成!
2014-02-16 00:32:53  [info]  [Admin\controllers\Widget] 类加载完成!
2014-02-16 00:32:53  [info]  [Arsenals\Core\Views\ViewAndModel] 类加载完成!
2014-02-16 00:32:53  [info]  [Arsenals\Core\Views\SimpleView] 类加载完成!
2014-02-16 00:32:53  [info]  [Arsenals\Core\Output] 类加载完成!
2014-02-16 00:32:53  [debug]  [system] 系统运行时间: 0.0450
2014-02-16 00:32:53  [debug]  [system] 控制器执行时间: 0.0075
2014-02-16 00:32:53  [info]  [Arsenals\Core\Input] 类加载完成!
2014-02-16 00:32:53  [info]  [Arsenals\Core\Session] 类加载完成!
2014-02-16 00:32:53  [info]  [Arsenals\Core\Security] 类加载完成!
2014-02-16 00:32:53  [info]  [Arsenals\Core\Uri] 类加载完成!
2014-02-16 00:32:53  [info]  [Arsenals\Core\Router] 类加载完成!
2014-02-16 00:32:53  [info]  [Arsenals\Core\Filters] 类加载完成!
2014-02-16 00:32:53  [info]  [Admin\controllers\Index] 类加载完成!
2014-02-16 00:32:53  [info]  [Arsenals\Core\Input] 类加载完成!
2014-02-16 00:32:53  [info]  [Arsenals\Core\Views\ViewAndModel] 类加载完成!
2014-02-16 00:32:53  [info]  [Arsenals\Core\Views\SimpleView] 类加载完成!
2014-02-16 00:32:53  [info]  [Arsenals\Core\Output] 类加载完成!
2014-02-16 00:32:53  [debug]  [system] 系统运行时间: 0.0212
2014-02-16 00:32:53  [debug]  [system] 控制器执行时间: 0.0050
2014-02-16 00:32:54  [info]  [Arsenals\Core\Input] 类加载完成!
2014-02-16 00:32:54  [info]  [Arsenals\Core\Session] 类加载完成!
2014-02-16 00:32:54  [info]  [Arsenals\Core\Security] 类加载完成!
2014-02-16 00:32:54  [info]  [Arsenals\Core\Uri] 类加载完成!
2014-02-16 00:32:54  [info]  [Arsenals\Core\Router] 类加载完成!
2014-02-16 00:32:54  [info]  [Arsenals\Core\Filters] 类加载完成!
2014-02-16 00:32:54  [info]  [Admin\controllers\Index] 类加载完成!
2014-02-16 00:32:54  [info]  [Arsenals\Core\Input] 类加载完成!
2014-02-16 00:32:54  [info]  [Arsenals\Core\Views\ViewAndModel] 类加载完成!
2014-02-16 00:32:54  [info]  [Arsenals\Core\Views\SimpleView] 类加载完成!
2014-02-16 00:32:54  [info]  [Arsenals\Core\Output] 类加载完成!
2014-02-16 00:32:54  [debug]  [system] 系统运行时间: 0.0284
2014-02-16 00:32:54  [debug]  [system] 控制器执行时间: 0.0082
2014-02-16 00:32:56  [info]  [Arsenals\Core\Input] 类加载完成!
2014-02-16 00:32:56  [info]  [Arsenals\Core\Session] 类加载完成!
2014-02-16 00:32:56  [info]  [Arsenals\Core\Security] 类加载完成!
2014-02-16 00:32:56  [info]  [Arsenals\Core\Uri] 类加载完成!
2014-02-16 00:32:56  [info]  [Arsenals\Core\Router] 类加载完成!
2014-02-16 00:32:56  [info]  [Arsenals\Core\Filters] 类加载完成!
2014-02-16 00:32:56  [info]  [Admin\controllers\Page] 类加载完成!
2014-02-16 00:32:56  [info]  [Arsenals\Core\Input] 类加载完成!
2014-02-16 00:32:56  [info]  [Arsenals\Core\Views\ViewAndModel] 类加载完成!
2014-02-16 00:32:56  [info]  [Arsenals\Core\Views\SimpleView] 类加载完成!
2014-02-16 00:32:56  [info]  [Arsenals\Core\Output] 类加载完成!
2014-02-16 00:32:56  [debug]  [system] 系统运行时间: 0.0265
2014-02-16 00:32:56  [debug]  [system] 控制器执行时间: 0.0060
2014-02-16 00:34:32  [info]  [Arsenals\Core\Input] 类加载完成!
2014-02-16 00:34:32  [info]  [Arsenals\Core\Session] 类加载完成!
2014-02-16 00:34:32  [info]  [Arsenals\Core\Security] 类加载完成!
2014-02-16 00:34:32  [info]  [Arsenals\Core\Uri] 类加载完成!
2014-02-16 00:34:32  [info]  [Arsenals\Core\Router] 类加载完成!
2014-02-16 00:34:32  [info]  [Arsenals\Core\Filters] 类加载完成!
2014-02-16 00:34:32  [info]  [Admin\controllers\Index] 类加载完成!
2014-02-16 00:34:32  [info]  [Arsenals\Core\Views\ViewAndModel] 类加载完成!
2014-02-16 00:34:32  [info]  [Arsenals\Core\Views\SimpleView] 类加载完成!
2014-02-16 00:34:32  [info]  [Arsenals\Core\Output] 类加载完成!
2014-02-16 00:34:32  [debug]  [system] 系统运行时间: 0.0217
2014-02-16 00:34:32  [debug]  [system] 控制器执行时间: 0.0038
2014-02-16 00:34:32  [info]  [Arsenals\Core\Input] 类加载完成!
2014-02-16 00:34:32  [info]  [Arsenals\Core\Input] 类加载完成!
2014-02-16 00:34:32  [info]  [Arsenals\Core\Session] 类加载完成!
2014-02-16 00:34:32  [info]  [Arsenals\Core\Security] 类加载完成!
2014-02-16 00:34:32  [info]  [Arsenals\Core\Uri] 类加载完成!
2014-02-16 00:34:32  [info]  [Arsenals\Core\Router] 类加载完成!
2014-02-16 00:34:32  [info]  [Arsenals\Core\Filters] 类加载完成!
2014-02-16 00:34:32  [info]  [Admin\controllers\Widget] 类加载完成!
2014-02-16 00:34:32  [info]  [Arsenals\Core\Views\ViewAndModel] 类加载完成!
2014-02-16 00:34:32  [info]  [Arsenals\Core\Views\SimpleView] 类加载完成!
2014-02-16 00:34:32  [info]  [Arsenals\Core\Output] 类加载完成!
2014-02-16 00:34:32  [debug]  [system] 系统运行时间: 0.0278
2014-02-16 00:34:32  [debug]  [system] 控制器执行时间: 0.0075
2014-02-16 00:34:32  [info]  [Arsenals\Core\Session] 类加载完成!
2014-02-16 00:34:32  [info]  [Arsenals\Core\Security] 类加载完成!
2014-02-16 00:34:32  [info]  [Arsenals\Core\Uri] 类加载完成!
2014-02-16 00:34:32  [info]  [Arsenals\Core\Router] 类加载完成!
2014-02-16 00:34:32  [info]  [Arsenals\Core\Filters] 类加载完成!
2014-02-16 00:34:32  [info]  [Admin\controllers\Widget] 类加载完成!
2014-02-16 00:34:32  [info]  [Arsenals\Core\Views\ViewAndModel] 类加载完成!
2014-02-16 00:34:32  [info]  [Arsenals\Core\Views\SimpleView] 类加载完成!
2014-02-16 00:34:32  [info]  [Arsenals\Core\Output] 类加载完成!
2014-02-16 00:34:32  [debug]  [system] 系统运行时间: 0.0475
2014-02-16 00:34:32  [debug]  [system] 控制器执行时间: 0.0085
2014-02-16 00:34:32  [info]  [Arsenals\Core\Input] 类加载完成!
2014-02-16 00:34:32  [info]  [Arsenals\Core\Session] 类加载完成!
2014-02-16 00:34:32  [info]  [Arsenals\Core\Security] 类加载完成!
2014-02-16 00:34:32  [info]  [Arsenals\Core\Uri] 类加载完成!
2014-02-16 00:34:32  [info]  [Arsenals\Core\Router] 类加载完成!
2014-02-16 00:34:32  [info]  [Arsenals\Core\Filters] 类加载完成!
2014-02-16 00:34:32  [info]  [Admin\controllers\Index] 类加载完成!
2014-02-16 00:34:32  [info]  [Arsenals\Core\Input] 类加载完成!
2014-02-16 00:34:32  [info]  [Arsenals\Core\Views\ViewAndModel] 类加载完成!
2014-02-16 00:34:32  [info]  [Arsenals\Core\Views\SimpleView] 类加载完成!
2014-02-16 00:34:32  [info]  [Arsenals\Core\Output] 类加载完成!
2014-02-16 00:34:32  [debug]  [system] 系统运行时间: 0.0227
2014-02-16 00:34:32  [debug]  [system] 控制器执行时间: 0.0063
2014-02-16 00:34:34  [info]  [Arsenals\Core\Input] 类加载完成!
2014-02-16 00:34:34  [info]  [Arsenals\Core\Session] 类加载完成!
2014-02-16 00:34:34  [info]  [Arsenals\Core\Security] 类加载完成!
2014-02-16 00:34:34  [info]  [Arsenals\Core\Uri] 类加载完成!
2014-02-16 00:34:34  [info]  [Arsenals\Core\Router] 类加载完成!
2014-02-16 00:34:34  [info]  [Arsenals\Core\Filters] 类加载完成!
2014-02-16 00:34:34  [info]  [Admin\controllers\Page] 类加载完成!
2014-02-16 00:34:34  [info]  [Arsenals\Core\Input] 类加载完成!
2014-02-16 00:34:34  [info]  [Arsenals\Core\Views\ViewAndModel] 类加载完成!
2014-02-16 00:34:34  [info]  [Arsenals\Core\Views\SimpleView] 类加载完成!
2014-02-16 00:34:34  [info]  [Arsenals\Core\Output] 类加载完成!
2014-02-16 00:34:34  [debug]  [system] 系统运行时间: 0.0239
2014-02-16 00:34:34  [debug]  [system] 控制器执行时间: 0.0065
2014-02-16 00:34:44  [info]  [Arsenals\Core\Input] 类加载完成!
2014-02-16 00:34:44  [info]  [Arsenals\Core\Session] 类加载完成!
2014-02-16 00:34:44  [info]  [Arsenals\Core\Security] 类加载完成!
2014-02-16 00:34:44  [info]  [Arsenals\Core\Uri] 类加载完成!
2014-02-16 00:34:44  [info]  [Arsenals\Core\Router] 类加载完成!
2014-02-16 00:34:44  [info]  [Arsenals\Core\Filters] 类加载完成!
2014-02-16 00:34:44  [info]  [Admin\controllers\Index] 类加载完成!
2014-02-16 00:34:44  [info]  [Arsenals\Core\Views\ViewAndModel] 类加载完成!
2014-02-16 00:34:44  [info]  [Arsenals\Core\Views\SimpleView] 类加载完成!
2014-02-16 00:34:44  [info]  [Arsenals\Core\Output] 类加载完成!
2014-02-16 00:34:44  [debug]  [system] 系统运行时间: 0.0208
2014-02-16 00:34:44  [debug]  [system] 控制器执行时间: 0.0034
2014-02-16 00:34:44  [info]  [Arsenals\Core\Input] 类加载完成!
2014-02-16 00:34:44  [info]  [Arsenals\Core\Session] 类加载完成!
2014-02-16 00:34:44  [info]  [Arsenals\Core\Input] 类加载完成!
2014-02-16 00:34:44  [info]  [Arsenals\Core\Security] 类加载完成!
2014-02-16 00:34:44  [info]  [Arsenals\Core\Uri] 类加载完成!
2014-02-16 00:34:44  [info]  [Arsenals\Core\Router] 类加载完成!
2014-02-16 00:34:44  [info]  [Arsenals\Core\Filters] 类加载完成!
2014-02-16 00:34:44  [info]  [Admin\controllers\Widget] 类加载完成!
2014-02-16 00:34:44  [info]  [Arsenals\Core\Views\ViewAndModel] 类加载完成!
2014-02-16 00:34:44  [info]  [Arsenals\Core\Views\SimpleView] 类加载完成!
2014-02-16 00:34:44  [info]  [Arsenals\Core\Output] 类加载完成!
2014-02-16 00:34:44  [debug]  [system] 系统运行时间: 0.0240
2014-02-16 00:34:44  [debug]  [system] 控制器执行时间: 0.0066
2014-02-16 00:34:44  [info]  [Arsenals\Core\Session] 类加载完成!
2014-02-16 00:34:44  [info]  [Arsenals\Core\Security] 类加载完成!
2014-02-16 00:34:44  [info]  [Arsenals\Core\Uri] 类加载完成!
2014-02-16 00:34:44  [info]  [Arsenals\Core\Router] 类加载完成!
2014-02-16 00:34:44  [info]  [Arsenals\Core\Filters] 类加载完成!
2014-02-16 00:34:44  [info]  [Admin\controllers\Widget] 类加载完成!
2014-02-16 00:34:44  [info]  [Arsenals\Core\Views\ViewAndModel] 类加载完成!
2014-02-16 00:34:44  [info]  [Arsenals\Core\Views\SimpleView] 类加载完成!
2014-02-16 00:34:44  [info]  [Arsenals\Core\Output] 类加载完成!
2014-02-16 00:34:44  [debug]  [system] 系统运行时间: 0.0414
2014-02-16 00:34:44  [debug]  [system] 控制器执行时间: 0.0082
2014-02-16 00:34:45  [info]  [Arsenals\Core\Input] 类加载完成!
2014-02-16 00:34:45  [info]  [Arsenals\Core\Session] 类加载完成!
2014-02-16 00:34:45  [info]  [Arsenals\Core\Security] 类加载完成!
2014-02-16 00:34:45  [info]  [Arsenals\Core\Uri] 类加载完成!
2014-02-16 00:34:45  [info]  [Arsenals\Core\Router] 类加载完成!
2014-02-16 00:34:45  [info]  [Arsenals\Core\Filters] 类加载完成!
2014-02-16 00:34:45  [info]  [Admin\controllers\Index] 类加载完成!
2014-02-16 00:34:45  [info]  [Arsenals\Core\Input] 类加载完成!
2014-02-16 00:34:45  [info]  [Arsenals\Core\Views\ViewAndModel] 类加载完成!
2014-02-16 00:34:45  [info]  [Arsenals\Core\Views\SimpleView] 类加载完成!
2014-02-16 00:34:45  [info]  [Arsenals\Core\Output] 类加载完成!
2014-02-16 00:34:45  [debug]  [system] 系统运行时间: 0.0255
2014-02-16 00:34:45  [debug]  [system] 控制器执行时间: 0.0065
2014-02-16 00:34:47  [info]  [Arsenals\Core\Input] 类加载完成!
2014-02-16 00:34:47  [info]  [Arsenals\Core\Session] 类加载完成!
2014-02-16 00:34:47  [info]  [Arsenals\Core\Security] 类加载完成!
2014-02-16 00:34:47  [info]  [Arsenals\Core\Uri] 类加载完成!
2014-02-16 00:34:47  [info]  [Arsenals\Core\Router] 类加载完成!
2014-02-16 00:34:47  [info]  [Arsenals\Core\Filters] 类加载完成!
2014-02-16 00:34:47  [info]  [Admin\controllers\Page] 类加载完成!
2014-02-16 00:34:47  [info]  [Arsenals\Core\Input] 类加载完成!
2014-02-16 00:34:47  [info]  [Arsenals\Core\Database\MySQL\MySQLiDataSource] 类加载完成!
2014-02-16 00:34:47  [info]  [Arsenals\Core\Input] 类加载完成!
2014-02-16 00:34:48  [info]  [Common\models\Page] 类加载完成!
2014-02-16 00:34:48  [info]  [Arsenals\Core\Views\ViewAndModel] 类加载完成!
2014-02-16 00:34:48  [info]  [Arsenals\Core\Views\SimpleView] 类加载完成!
2014-02-16 00:34:48  [info]  [Arsenals\Core\Output] 类加载完成!
2014-02-16 00:34:48  [debug]  [system] 系统运行时间: 1.0472
2014-02-16 00:34:48  [debug]  [system] 控制器执行时间: 1.0272
2014-02-16 00:34:48  [info]  [Arsenals\Core\Session] 类加载完成!
2014-02-16 00:34:48  [info]  [Arsenals\Core\Security] 类加载完成!
2014-02-16 00:34:48  [info]  [Arsenals\Core\Uri] 类加载完成!
2014-02-16 00:34:48  [info]  [Arsenals\Core\Router] 类加载完成!
2014-02-16 00:34:48  [info]  [Arsenals\Core\Filters] 类加载完成!
2014-02-16 00:34:48  [info]  [Admin\controllers\Page] 类加载完成!
2014-02-16 00:34:48  [info]  [Arsenals\Core\Input] 类加载完成!
2014-02-16 00:34:48  [info]  [Arsenals\Core\Views\ViewAndModel] 类加载完成!
2014-02-16 00:34:48  [info]  [Arsenals\Core\Views\SimpleView] 类加载完成!
2014-02-16 00:34:48  [info]  [Arsenals\Core\Output] 类加载完成!
2014-02-16 00:34:48  [debug]  [system] 系统运行时间: 0.5736
2014-02-16 00:34:48  [debug]  [system] 控制器执行时间: 0.0060
2014-02-16 00:41:12  [info]  [Arsenals\Core\Input] 类加载完成!
2014-02-16 00:41:12  [info]  [Arsenals\Core\Session] 类加载完成!
2014-02-16 00:41:12  [info]  [Arsenals\Core\Security] 类加载完成!
2014-02-16 00:41:12  [info]  [Arsenals\Core\Uri] 类加载完成!
2014-02-16 00:41:12  [info]  [Arsenals\Core\Router] 类加载完成!
2014-02-16 00:41:12  [info]  [Arsenals\Core\Filters] 类加载完成!
2014-02-16 00:41:12  [info]  [Admin\controllers\Index] 类加载完成!
2014-02-16 00:41:12  [info]  [Arsenals\Core\Views\ViewAndModel] 类加载完成!
2014-02-16 00:41:12  [info]  [Arsenals\Core\Views\SimpleView] 类加载完成!
2014-02-16 00:41:12  [info]  [Arsenals\Core\Output] 类加载完成!
2014-02-16 00:41:12  [debug]  [system] 系统运行时间: 0.0518
2014-02-16 00:41:12  [debug]  [system] 控制器执行时间: 0.0256
2014-02-16 00:41:13  [info]  [Arsenals\Core\Input] 类加载完成!
2014-02-16 00:41:13  [info]  [Arsenals\Core\Input] 类加载完成!
2014-02-16 00:41:13  [info]  [Arsenals\Core\Session] 类加载完成!
2014-02-16 00:41:13  [info]  [Arsenals\Core\Security] 类加载完成!
2014-02-16 00:41:13  [info]  [Arsenals\Core\Uri] 类加载完成!
2014-02-16 00:41:13  [info]  [Arsenals\Core\Router] 类加载完成!
2014-02-16 00:41:13  [info]  [Arsenals\Core\Filters] 类加载完成!
2014-02-16 00:41:13  [info]  [Admin\controllers\Widget] 类加载完成!
2014-02-16 00:41:13  [info]  [Arsenals\Core\Views\ViewAndModel] 类加载完成!
2014-02-16 00:41:13  [info]  [Arsenals\Core\Views\SimpleView] 类加载完成!
2014-02-16 00:41:13  [info]  [Arsenals\Core\Output] 类加载完成!
2014-02-16 00:41:13  [debug]  [system] 系统运行时间: 0.0318
2014-02-16 00:41:13  [debug]  [system] 控制器执行时间: 0.0090
2014-02-16 00:41:13  [info]  [Arsenals\Core\Session] 类加载完成!
2014-02-16 00:41:13  [info]  [Arsenals\Core\Security] 类加载完成!
2014-02-16 00:41:13  [info]  [Arsenals\Core\Uri] 类加载完成!
2014-02-16 00:41:13  [info]  [Arsenals\Core\Router] 类加载完成!
2014-02-16 00:41:13  [info]  [Arsenals\Core\Filters] 类加载完成!
2014-02-16 00:41:13  [info]  [Admin\controllers\Widget] 类加载完成!
2014-02-16 00:41:13  [info]  [Arsenals\Core\Views\ViewAndModel] 类加载完成!
2014-02-16 00:41:13  [info]  [Arsenals\Core\Views\SimpleView] 类加载完成!
2014-02-16 00:41:13  [info]  [Arsenals\Core\Output] 类加载完成!
2014-02-16 00:41:13  [debug]  [system] 系统运行时间: 0.0560
2014-02-16 00:41:13  [debug]  [system] 控制器执行时间: 0.0094
2014-02-16 00:41:13  [info]  [Arsenals\Core\Input] 类加载完成!
2014-02-16 00:41:13  [info]  [Arsenals\Core\Session] 类加载完成!
2014-02-16 00:41:13  [info]  [Arsenals\Core\Security] 类加载完成!
2014-02-16 00:41:13  [info]  [Arsenals\Core\Uri] 类加载完成!
2014-02-16 00:41:13  [info]  [Arsenals\Core\Router] 类加载完成!
2014-02-16 00:41:13  [info]  [Arsenals\Core\Filters] 类加载完成!
2014-02-16 00:41:13  [info]  [Admin\controllers\Index] 类加载完成!
2014-02-16 00:41:13  [info]  [Arsenals\Core\Input] 类加载完成!
2014-02-16 00:41:13  [info]  [Arsenals\Core\Views\ViewAndModel] 类加载完成!
2014-02-16 00:41:13  [info]  [Arsenals\Core\Views\SimpleView] 类加载完成!
2014-02-16 00:41:13  [info]  [Arsenals\Core\Output] 类加载完成!
2014-02-16 00:41:13  [debug]  [system] 系统运行时间: 0.0306
2014-02-16 00:41:13  [debug]  [system] 控制器执行时间: 0.0068
2014-02-16 00:41:14  [info]  [Arsenals\Core\Input] 类加载完成!
2014-02-16 00:41:14  [info]  [Arsenals\Core\Session] 类加载完成!
2014-02-16 00:41:14  [info]  [Arsenals\Core\Security] 类加载完成!
2014-02-16 00:41:14  [info]  [Arsenals\Core\Uri] 类加载完成!
2014-02-16 00:41:14  [info]  [Arsenals\Core\Router] 类加载完成!
2014-02-16 00:41:14  [info]  [Arsenals\Core\Filters] 类加载完成!
2014-02-16 00:41:14  [info]  [Admin\controllers\Page] 类加载完成!
2014-02-16 00:41:14  [info]  [Arsenals\Core\Input] 类加载完成!
2014-02-16 00:41:14  [info]  [Arsenals\Core\Views\ViewAndModel] 类加载完成!
2014-02-16 00:41:14  [info]  [Arsenals\Core\Views\SimpleView] 类加载完成!
2014-02-16 00:41:14  [info]  [Arsenals\Core\Output] 类加载完成!
2014-02-16 00:41:14  [debug]  [system] 系统运行时间: 0.0282
2014-02-16 00:41:14  [debug]  [system] 控制器执行时间: 0.0062
2014-02-16 00:41:14  [info]  [Arsenals\Core\Input] 类加载完成!
2014-02-16 00:41:14  [info]  [Arsenals\Core\Session] 类加载完成!
2014-02-16 00:41:14  [info]  [Arsenals\Core\Security] 类加载完成!
2014-02-16 00:41:14  [info]  [Arsenals\Core\Uri] 类加载完成!
2014-02-16 00:41:14  [info]  [Arsenals\Core\Router] 类加载完成!
2014-02-16 00:41:14  [info]  [Arsenals\Core\Filters] 类加载完成!
2014-02-16 00:41:14  [info]  [Arsenals\Core\Input] 类加载完成!
2014-02-16 00:41:14  [info]  [Arsenals\Core\Output] 类加载完成!
2014-02-16 00:41:14  [info]  [Arsenals\Core\Views\Ajax] 类加载完成!
2014-02-16 00:41:21  [info]  [Arsenals\Core\Input] 类加载完成!
2014-02-16 00:41:21  [info]  [Arsenals\Core\Session] 类加载完成!
2014-02-16 00:41:21  [info]  [Arsenals\Core\Security] 类加载完成!
2014-02-16 00:41:21  [info]  [Arsenals\Core\Uri] 类加载完成!
2014-02-16 00:41:21  [info]  [Arsenals\Core\Router] 类加载完成!
2014-02-16 00:41:21  [info]  [Arsenals\Core\Filters] 类加载完成!
2014-02-16 00:41:21  [info]  [Admin\controllers\Index] 类加载完成!
2014-02-16 00:41:21  [info]  [Arsenals\Core\Views\ViewAndModel] 类加载完成!
2014-02-16 00:41:21  [info]  [Arsenals\Core\Views\SimpleView] 类加载完成!
2014-02-16 00:41:21  [info]  [Arsenals\Core\Output] 类加载完成!
2014-02-16 00:41:21  [debug]  [system] 系统运行时间: 0.0271
2014-02-16 00:41:21  [debug]  [system] 控制器执行时间: 0.0054
2014-02-16 00:41:21  [info]  [Arsenals\Core\Input] 类加载完成!
2014-02-16 00:41:21  [info]  [Arsenals\Core\Session] 类加载完成!
2014-02-16 00:41:21  [info]  [Arsenals\Core\Security] 类加载完成!
2014-02-16 00:41:21  [info]  [Arsenals\Core\Input] 类加载完成!
2014-02-16 00:41:21  [info]  [Arsenals\Core\Uri] 类加载完成!
2014-02-16 00:41:21  [info]  [Arsenals\Core\Router] 类加载完成!
2014-02-16 00:41:21  [info]  [Arsenals\Core\Filters] 类加载完成!
2014-02-16 00:41:21  [info]  [Admin\controllers\Widget] 类加载完成!
2014-02-16 00:41:21  [info]  [Arsenals\Core\Views\ViewAndModel] 类加载完成!
2014-02-16 00:41:21  [info]  [Arsenals\Core\Views\SimpleView] 类加载完成!
2014-02-16 00:41:21  [info]  [Arsenals\Core\Output] 类加载完成!
2014-02-16 00:41:21  [debug]  [system] 系统运行时间: 0.0270
2014-02-16 00:41:21  [debug]  [system] 控制器执行时间: 0.0086
2014-02-16 00:41:21  [info]  [Arsenals\Core\Session] 类加载完成!
2014-02-16 00:41:21  [info]  [Arsenals\Core\Security] 类加载完成!
2014-02-16 00:41:21  [info]  [Arsenals\Core\Uri] 类加载完成!
2014-02-16 00:41:21  [info]  [Arsenals\Core\Router] 类加载完成!
2014-02-16 00:41:21  [info]  [Arsenals\Core\Filters] 类加载完成!
2014-02-16 00:41:21  [info]  [Admin\controllers\Widget] 类加载完成!
2014-02-16 00:41:21  [info]  [Arsenals\Core\Views\ViewAndModel] 类加载完成!
2014-02-16 00:41:21  [info]  [Arsenals\Core\Views\SimpleView] 类加载完成!
2014-02-16 00:41:21  [info]  [Arsenals\Core\Output] 类加载完成!
2014-02-16 00:41:21  [debug]  [system] 系统运行时间: 0.0464
2014-02-16 00:41:21  [debug]  [system] 控制器执行时间: 0.0096
2014-02-16 00:41:22  [info]  [Arsenals\Core\Input] 类加载完成!
2014-02-16 00:41:22  [info]  [Arsenals\Core\Session] 类加载完成!
2014-02-16 00:41:22  [info]  [Arsenals\Core\Security] 类加载完成!
2014-02-16 00:41:22  [info]  [Arsenals\Core\Uri] 类加载完成!
2014-02-16 00:41:22  [info]  [Arsenals\Core\Router] 类加载完成!
2014-02-16 00:41:22  [info]  [Arsenals\Core\Filters] 类加载完成!
2014-02-16 00:41:22  [info]  [Admin\controllers\Index] 类加载完成!
2014-02-16 00:41:22  [info]  [Arsenals\Core\Input] 类加载完成!
2014-02-16 00:41:22  [info]  [Arsenals\Core\Views\ViewAndModel] 类加载完成!
2014-02-16 00:41:22  [info]  [Arsenals\Core\Views\SimpleView] 类加载完成!
2014-02-16 00:41:22  [info]  [Arsenals\Core\Output] 类加载完成!
2014-02-16 00:41:22  [debug]  [system] 系统运行时间: 0.0297
2014-02-16 00:41:22  [debug]  [system] 控制器执行时间: 0.0068
2014-02-16 00:41:27  [info]  [Arsenals\Core\Input] 类加载完成!
2014-02-16 00:41:27  [info]  [Arsenals\Core\Session] 类加载完成!
2014-02-16 00:41:27  [info]  [Arsenals\Core\Security] 类加载完成!
2014-02-16 00:41:27  [info]  [Arsenals\Core\Uri] 类加载完成!
2014-02-16 00:41:27  [info]  [Arsenals\Core\Router] 类加载完成!
2014-02-16 00:41:27  [info]  [Arsenals\Core\Filters] 类加载完成!
2014-02-16 00:41:27  [info]  [Admin\controllers\Page] 类加载完成!
2014-02-16 00:41:27  [info]  [Arsenals\Core\Input] 类加载完成!
2014-02-16 00:41:27  [info]  [Arsenals\Core\Views\ViewAndModel] 类加载完成!
2014-02-16 00:41:27  [info]  [Arsenals\Core\Views\SimpleView] 类加载完成!
2014-02-16 00:41:27  [info]  [Arsenals\Core\Output] 类加载完成!
2014-02-16 00:41:27  [debug]  [system] 系统运行时间: 0.0237
2014-02-16 00:41:27  [debug]  [system] 控制器执行时间: 0.0060
2014-02-16 00:41:27  [info]  [Arsenals\Core\Input] 类加载完成!
2014-02-16 00:41:27  [info]  [Arsenals\Core\Session] 类加载完成!
2014-02-16 00:41:27  [info]  [Arsenals\Core\Security] 类加载完成!
2014-02-16 00:41:27  [info]  [Arsenals\Core\Uri] 类加载完成!
2014-02-16 00:41:27  [info]  [Arsenals\Core\Router] 类加载完成!
2014-02-16 00:41:27  [info]  [Arsenals\Core\Filters] 类加载完成!
2014-02-16 00:41:27  [info]  [Arsenals\Core\Input] 类加载完成!
2014-02-16 00:41:27  [info]  [Arsenals\Core\Output] 类加载完成!
2014-02-16 00:41:27  [info]  [Arsenals\Core\Views\Ajax] 类加载完成!
2014-02-16 00:43:10  [info]  [Arsenals\Core\Input] 类加载完成!
2014-02-16 00:43:10  [info]  [Arsenals\Core\Session] 类加载完成!
2014-02-16 00:43:10  [info]  [Arsenals\Core\Security] 类加载完成!
2014-02-16 00:43:10  [info]  [Arsenals\Core\Uri] 类加载完成!
2014-02-16 00:43:10  [info]  [Arsenals\Core\Router] 类加载完成!
2014-02-16 00:43:10  [info]  [Arsenals\Core\Filters] 类加载完成!
2014-02-16 00:43:10  [info]  [Admin\controllers\Index] 类加载完成!
2014-02-16 00:43:10  [info]  [Arsenals\Core\Views\ViewAndModel] 类加载完成!
2014-02-16 00:43:10  [info]  [Arsenals\Core\Views\SimpleView] 类加载完成!
2014-02-16 00:43:10  [info]  [Arsenals\Core\Output] 类加载完成!
2014-02-16 00:43:10  [debug]  [system] 系统运行时间: 0.0248
2014-02-16 00:43:10  [debug]  [system] 控制器执行时间: 0.0045
2014-02-16 00:43:11  [info]  [Arsenals\Core\Input] 类加载完成!
2014-02-16 00:43:11  [info]  [Arsenals\Core\Session] 类加载完成!
2014-02-16 00:43:11  [info]  [Arsenals\Core\Security] 类加载完成!
2014-02-16 00:43:11  [info]  [Arsenals\Core\Uri] 类加载完成!
2014-02-16 00:43:11  [info]  [Arsenals\Core\Router] 类加载完成!
2014-02-16 00:43:11  [info]  [Arsenals\Core\Filters] 类加载完成!
2014-02-16 00:43:11  [info]  [Admin\controllers\Widget] 类加载完成!
2014-02-16 00:43:11  [info]  [Arsenals\Core\Views\ViewAndModel] 类加载完成!
2014-02-16 00:43:11  [info]  [Arsenals\Core\Views\SimpleView] 类加载完成!
2014-02-16 00:43:11  [info]  [Arsenals\Core\Output] 类加载完成!
2014-02-16 00:43:11  [debug]  [system] 系统运行时间: 0.0253
2014-02-16 00:43:11  [debug]  [system] 控制器执行时间: 0.0075
2014-02-16 00:43:11  [info]  [Arsenals\Core\Input] 类加载完成!
2014-02-16 00:43:11  [info]  [Arsenals\Core\Session] 类加载完成!
2014-02-16 00:43:11  [info]  [Arsenals\Core\Security] 类加载完成!
2014-02-16 00:43:11  [info]  [Arsenals\Core\Uri] 类加载完成!
2014-02-16 00:43:11  [info]  [Arsenals\Core\Router] 类加载完成!
2014-02-16 00:43:11  [info]  [Arsenals\Core\Filters] 类加载完成!
2014-02-16 00:43:11  [info]  [Admin\controllers\Widget] 类加载完成!
2014-02-16 00:43:11  [info]  [Arsenals\Core\Views\ViewAndModel] 类加载完成!
2014-02-16 00:43:11  [info]  [Arsenals\Core\Views\SimpleView] 类加载完成!
2014-02-16 00:43:11  [info]  [Arsenals\Core\Output] 类加载完成!
2014-02-16 00:43:11  [debug]  [system] 系统运行时间: 0.0258
2014-02-16 00:43:11  [debug]  [system] 控制器执行时间: 0.0076
2014-02-16 00:43:11  [info]  [Arsenals\Core\Input] 类加载完成!
2014-02-16 00:43:11  [info]  [Arsenals\Core\Session] 类加载完成!
2014-02-16 00:43:11  [info]  [Arsenals\Core\Security] 类加载完成!
2014-02-16 00:43:11  [info]  [Arsenals\Core\Uri] 类加载完成!
2014-02-16 00:43:11  [info]  [Arsenals\Core\Router] 类加载完成!
2014-02-16 00:43:11  [info]  [Arsenals\Core\Filters] 类加载完成!
2014-02-16 00:43:11  [info]  [Admin\controllers\Index] 类加载完成!
2014-02-16 00:43:11  [info]  [Arsenals\Core\Input] 类加载完成!
2014-02-16 00:43:11  [info]  [Arsenals\Core\Views\ViewAndModel] 类加载完成!
2014-02-16 00:43:11  [info]  [Arsenals\Core\Views\SimpleView] 类加载完成!
2014-02-16 00:43:11  [info]  [Arsenals\Core\Output] 类加载完成!
2014-02-16 00:43:11  [debug]  [system] 系统运行时间: 0.0282
2014-02-16 00:43:11  [debug]  [system] 控制器执行时间: 0.0068
2014-02-16 00:43:12  [info]  [Arsenals\Core\Input] 类加载完成!
2014-02-16 00:43:12  [info]  [Arsenals\Core\Session] 类加载完成!
2014-02-16 00:43:12  [info]  [Arsenals\Core\Security] 类加载完成!
2014-02-16 00:43:12  [info]  [Arsenals\Core\Uri] 类加载完成!
2014-02-16 00:43:12  [info]  [Arsenals\Core\Router] 类加载完成!
2014-02-16 00:43:12  [info]  [Arsenals\Core\Filters] 类加载完成!
2014-02-16 00:43:12  [info]  [Admin\controllers\Page] 类加载完成!
2014-02-16 00:43:12  [info]  [Arsenals\Core\Input] 类加载完成!
2014-02-16 00:43:12  [info]  [Arsenals\Core\Views\ViewAndModel] 类加载完成!
2014-02-16 00:43:12  [info]  [Arsenals\Core\Views\SimpleView] 类加载完成!
2014-02-16 00:43:12  [info]  [Arsenals\Core\Output] 类加载完成!
2014-02-16 00:43:12  [debug]  [system] 系统运行时间: 0.0276
2014-02-16 00:43:12  [debug]  [system] 控制器执行时间: 0.0059
2014-02-16 00:44:13  [info]  [Arsenals\Core\Input] 类加载完成!
2014-02-16 00:44:13  [info]  [Arsenals\Core\Session] 类加载完成!
2014-02-16 00:44:13  [info]  [Arsenals\Core\Security] 类加载完成!
2014-02-16 00:44:13  [info]  [Arsenals\Core\Uri] 类加载完成!
2014-02-16 00:44:13  [info]  [Arsenals\Core\Router] 类加载完成!
2014-02-16 00:44:13  [info]  [Arsenals\Core\Filters] 类加载完成!
2014-02-16 00:44:13  [info]  [Admin\controllers\Page] 类加载完成!
2014-02-16 00:44:13  [info]  [Arsenals\Core\Input] 类加载完成!
2014-02-16 00:44:13  [info]  [Arsenals\Core\Database\MySQL\MySQLiDataSource] 类加载完成!
2014-02-16 00:44:14  [info]  [Common\models\Page] 类加载完成!
2014-02-16 00:44:14  [debug]  [system] 执行SQL：INSERT INTO `ar_page` (title, templates, creator, create_date, attr, isvalid) VALUES(?,?,?,?,?,?)
2014-02-16 00:44:14  [info]  [Arsenals\Core\Views\Ajax] 类加载完成!
2014-02-16 00:44:14  [info]  [Arsenals\Core\Output] 类加载完成!
2014-02-16 00:44:14  [debug]  [system] 系统运行时间: 1.1397
2014-02-16 00:44:14  [debug]  [system] 控制器执行时间: 1.1185
2014-02-16 00:44:14  [info]  [Arsenals\Core\Input] 类加载完成!
2014-02-16 00:44:14  [info]  [Arsenals\Core\Session] 类加载完成!
2014-02-16 00:44:14  [info]  [Arsenals\Core\Security] 类加载完成!
2014-02-16 00:44:14  [info]  [Arsenals\Core\Uri] 类加载完成!
2014-02-16 00:44:14  [info]  [Arsenals\Core\Router] 类加载完成!
2014-02-16 00:44:14  [info]  [Arsenals\Core\Filters] 类加载完成!
2014-02-16 00:44:14  [info]  [Admin\controllers\Page] 类加载完成!
2014-02-16 00:44:14  [info]  [Arsenals\Core\Input] 类加载完成!
2014-02-16 00:44:14  [info]  [Arsenals\Core\Views\ViewAndModel] 类加载完成!
2014-02-16 00:44:14  [info]  [Arsenals\Core\Views\SimpleView] 类加载完成!
2014-02-16 00:44:14  [info]  [Arsenals\Core\Output] 类加载完成!
2014-02-16 00:44:14  [debug]  [system] 系统运行时间: 0.0233
2014-02-16 00:44:14  [debug]  [system] 控制器执行时间: 0.0052
2014-02-16 00:44:16  [info]  [Arsenals\Core\Input] 类加载完成!
2014-02-16 00:44:16  [info]  [Arsenals\Core\Session] 类加载完成!
2014-02-16 00:44:16  [info]  [Arsenals\Core\Security] 类加载完成!
2014-02-16 00:44:16  [info]  [Arsenals\Core\Uri] 类加载完成!
2014-02-16 00:44:16  [info]  [Arsenals\Core\Router] 类加载完成!
2014-02-16 00:44:16  [info]  [Arsenals\Core\Filters] 类加载完成!
2014-02-16 00:44:16  [info]  [Admin\controllers\Page] 类加载完成!
2014-02-16 00:44:16  [info]  [Arsenals\Core\Input] 类加载完成!
2014-02-16 00:44:17  [info]  [Arsenals\Core\Database\MySQL\MySQLiDataSource] 类加载完成!
2014-02-16 00:44:18  [info]  [Common\models\Page] 类加载完成!
2014-02-16 00:44:18  [info]  [Arsenals\Core\Views\ViewAndModel] 类加载完成!
2014-02-16 00:44:18  [info]  [Arsenals\Core\Views\SimpleView] 类加载完成!
2014-02-16 00:44:18  [info]  [Arsenals\Core\Output] 类加载完成!
2014-02-16 00:44:18  [debug]  [system] 系统运行时间: 1.0391
2014-02-16 00:44:18  [debug]  [system] 控制器执行时间: 1.0167
2014-02-16 00:44:21  [info]  [Arsenals\Core\Input] 类加载完成!
2014-02-16 00:44:21  [info]  [Arsenals\Core\Session] 类加载完成!
2014-02-16 00:44:21  [info]  [Arsenals\Core\Security] 类加载完成!
2014-02-16 00:44:21  [info]  [Arsenals\Core\Uri] 类加载完成!
2014-02-16 00:44:21  [info]  [Arsenals\Core\Router] 类加载完成!
2014-02-16 00:44:21  [info]  [Arsenals\Core\Filters] 类加载完成!
2014-02-16 00:44:21  [info]  [Admin\controllers\Page] 类加载完成!
2014-02-16 00:44:21  [info]  [Arsenals\Core\Input] 类加载完成!
2014-02-16 00:44:21  [info]  [Arsenals\Core\Database\MySQL\MySQLiDataSource] 类加载完成!
2014-02-16 00:44:22  [info]  [Common\models\Page] 类加载完成!
2014-02-16 00:44:22  [debug]  [system] 执行SQL：SELECT * FROM ar_page WHERE id = ?  
2014-02-16 00:44:22  [info]  [Arsenals\Core\Views\ViewAndModel] 类加载完成!
2014-02-16 00:44:22  [info]  [Arsenals\Core\Views\SimpleView] 类加载完成!
2014-02-16 00:44:22  [info]  [Arsenals\Core\Output] 类加载完成!
2014-02-16 00:44:22  [debug]  [system] 系统运行时间: 1.0526
2014-02-16 00:44:22  [debug]  [system] 控制器执行时间: 1.0281
2014-02-16 00:46:53  [info]  [Arsenals\Core\Input] 类加载完成!
2014-02-16 00:46:53  [info]  [Arsenals\Core\Session] 类加载完成!
2014-02-16 00:46:53  [info]  [Arsenals\Core\Security] 类加载完成!
2014-02-16 00:46:53  [info]  [Arsenals\Core\Uri] 类加载完成!
2014-02-16 00:46:53  [info]  [Arsenals\Core\Router] 类加载完成!
2014-02-16 00:46:53  [info]  [Arsenals\Core\Filters] 类加载完成!
2014-02-16 00:46:53  [info]  [Admin\controllers\Index] 类加载完成!
2014-02-16 00:46:53  [info]  [Arsenals\Core\Views\ViewAndModel] 类加载完成!
2014-02-16 00:46:53  [info]  [Arsenals\Core\Views\SimpleView] 类加载完成!
2014-02-16 00:46:53  [info]  [Arsenals\Core\Output] 类加载完成!
2014-02-16 00:46:53  [debug]  [system] 系统运行时间: 0.0318
2014-02-16 00:46:53  [debug]  [system] 控制器执行时间: 0.0043
2014-02-16 00:46:53  [info]  [Arsenals\Core\Input] 类加载完成!
2014-02-16 00:46:53  [info]  [Arsenals\Core\Input] 类加载完成!
2014-02-16 00:46:53  [info]  [Arsenals\Core\Session] 类加载完成!
2014-02-16 00:46:53  [info]  [Arsenals\Core\Security] 类加载完成!
2014-02-16 00:46:53  [info]  [Arsenals\Core\Uri] 类加载完成!
2014-02-16 00:46:53  [info]  [Arsenals\Core\Router] 类加载完成!
2014-02-16 00:46:53  [info]  [Arsenals\Core\Filters] 类加载完成!
2014-02-16 00:46:53  [info]  [Admin\controllers\Widget] 类加载完成!
2014-02-16 00:46:53  [info]  [Arsenals\Core\Views\ViewAndModel] 类加载完成!
2014-02-16 00:46:53  [info]  [Arsenals\Core\Views\SimpleView] 类加载完成!
2014-02-16 00:46:53  [info]  [Arsenals\Core\Output] 类加载完成!
2014-02-16 00:46:53  [debug]  [system] 系统运行时间: 0.0266
2014-02-16 00:46:53  [debug]  [system] 控制器执行时间: 0.0070
2014-02-16 00:46:53  [info]  [Arsenals\Core\Session] 类加载完成!
2014-02-16 00:46:53  [info]  [Arsenals\Core\Security] 类加载完成!
2014-02-16 00:46:53  [info]  [Arsenals\Core\Uri] 类加载完成!
2014-02-16 00:46:53  [info]  [Arsenals\Core\Router] 类加载完成!
2014-02-16 00:46:53  [info]  [Arsenals\Core\Filters] 类加载完成!
2014-02-16 00:46:53  [info]  [Admin\controllers\Widget] 类加载完成!
2014-02-16 00:46:53  [info]  [Arsenals\Core\Views\ViewAndModel] 类加载完成!
2014-02-16 00:46:53  [info]  [Arsenals\Core\Views\SimpleView] 类加载完成!
2014-02-16 00:46:53  [info]  [Arsenals\Core\Output] 类加载完成!
2014-02-16 00:46:53  [debug]  [system] 系统运行时间: 0.0464
2014-02-16 00:46:53  [debug]  [system] 控制器执行时间: 0.0093
2014-02-16 00:46:53  [info]  [Arsenals\Core\Input] 类加载完成!
2014-02-16 00:46:53  [info]  [Arsenals\Core\Session] 类加载完成!
2014-02-16 00:46:53  [info]  [Arsenals\Core\Security] 类加载完成!
2014-02-16 00:46:53  [info]  [Arsenals\Core\Uri] 类加载完成!
2014-02-16 00:46:53  [info]  [Arsenals\Core\Router] 类加载完成!
2014-02-16 00:46:53  [info]  [Arsenals\Core\Filters] 类加载完成!
2014-02-16 00:46:53  [info]  [Admin\controllers\Index] 类加载完成!
2014-02-16 00:46:53  [info]  [Arsenals\Core\Input] 类加载完成!
2014-02-16 00:46:53  [info]  [Arsenals\Core\Views\ViewAndModel] 类加载完成!
2014-02-16 00:46:53  [info]  [Arsenals\Core\Views\SimpleView] 类加载完成!
2014-02-16 00:46:53  [info]  [Arsenals\Core\Output] 类加载完成!
2014-02-16 00:46:53  [debug]  [system] 系统运行时间: 0.0249
2014-02-16 00:46:53  [debug]  [system] 控制器执行时间: 0.0084
2014-02-16 00:46:55  [info]  [Arsenals\Core\Input] 类加载完成!
2014-02-16 00:46:55  [info]  [Arsenals\Core\Session] 类加载完成!
2014-02-16 00:46:55  [info]  [Arsenals\Core\Security] 类加载完成!
2014-02-16 00:46:55  [info]  [Arsenals\Core\Uri] 类加载完成!
2014-02-16 00:46:55  [info]  [Arsenals\Core\Router] 类加载完成!
2014-02-16 00:46:55  [info]  [Arsenals\Core\Filters] 类加载完成!
2014-02-16 00:46:55  [info]  [Admin\controllers\Page] 类加载完成!
2014-02-16 00:46:55  [info]  [Arsenals\Core\Input] 类加载完成!
2014-02-16 00:46:55  [info]  [Arsenals\Core\Views\ViewAndModel] 类加载完成!
2014-02-16 00:46:55  [info]  [Arsenals\Core\Views\SimpleView] 类加载完成!
2014-02-16 00:46:55  [info]  [Arsenals\Core\Output] 类加载完成!
2014-02-16 00:46:55  [debug]  [system] 系统运行时间: 0.0251
2014-02-16 00:46:55  [debug]  [system] 控制器执行时间: 0.0063
2014-02-16 00:48:12  [info]  [Arsenals\Core\Input] 类加载完成!
2014-02-16 00:48:12  [info]  [Arsenals\Core\Session] 类加载完成!
2014-02-16 00:48:12  [info]  [Arsenals\Core\Security] 类加载完成!
2014-02-16 00:48:12  [info]  [Arsenals\Core\Uri] 类加载完成!
2014-02-16 00:48:12  [info]  [Arsenals\Core\Router] 类加载完成!
2014-02-16 00:48:12  [info]  [Arsenals\Core\Filters] 类加载完成!
2014-02-16 00:48:12  [info]  [Admin\controllers\Page] 类加载完成!
2014-02-16 00:48:12  [info]  [Arsenals\Core\Input] 类加载完成!
2014-02-16 00:48:12  [info]  [Arsenals\Core\Database\MySQL\MySQLiDataSource] 类加载完成!
2014-02-16 00:48:13  [info]  [Common\models\Page] 类加载完成!
2014-02-16 00:48:13  [info]  [Arsenals\Core\Views\ViewAndModel] 类加载完成!
2014-02-16 00:48:13  [info]  [Arsenals\Core\Views\SimpleView] 类加载完成!
2014-02-16 00:48:13  [info]  [Arsenals\Core\Output] 类加载完成!
2014-02-16 00:48:13  [debug]  [system] 系统运行时间: 1.0532
2014-02-16 00:48:13  [debug]  [system] 控制器执行时间: 1.0306
2014-02-16 00:48:14  [info]  [Arsenals\Core\Input] 类加载完成!
2014-02-16 00:48:14  [info]  [Arsenals\Core\Session] 类加载完成!
2014-02-16 00:48:14  [info]  [Arsenals\Core\Security] 类加载完成!
2014-02-16 00:48:14  [info]  [Arsenals\Core\Uri] 类加载完成!
2014-02-16 00:48:14  [info]  [Arsenals\Core\Router] 类加载完成!
2014-02-16 00:48:14  [info]  [Arsenals\Core\Filters] 类加载完成!
2014-02-16 00:48:14  [info]  [Admin\controllers\Page] 类加载完成!
2014-02-16 00:48:14  [info]  [Arsenals\Core\Input] 类加载完成!
2014-02-16 00:48:14  [info]  [Arsenals\Core\Views\ViewAndModel] 类加载完成!
2014-02-16 00:48:14  [info]  [Arsenals\Core\Views\SimpleView] 类加载完成!
2014-02-16 00:48:14  [info]  [Arsenals\Core\Output] 类加载完成!
2014-02-16 00:48:14  [debug]  [system] 系统运行时间: 0.0227
2014-02-16 00:48:14  [debug]  [system] 控制器执行时间: 0.0046
2014-02-16 00:48:17  [info]  [Arsenals\Core\Input] 类加载完成!
2014-02-16 00:48:17  [info]  [Arsenals\Core\Session] 类加载完成!
2014-02-16 00:48:17  [info]  [Arsenals\Core\Security] 类加载完成!
2014-02-16 00:48:17  [info]  [Arsenals\Core\Uri] 类加载完成!
2014-02-16 00:48:17  [info]  [Arsenals\Core\Router] 类加载完成!
2014-02-16 00:48:17  [info]  [Arsenals\Core\Filters] 类加载完成!
2014-02-16 00:48:17  [info]  [Admin\controllers\Article] 类加载完成!
2014-02-16 00:48:17  [info]  [Arsenals\Core\Input] 类加载完成!
2014-02-16 00:48:17  [info]  [Arsenals\Core\Database\MySQL\MySQLiDataSource] 类加载完成!
2014-02-16 00:48:18  [info]  [Common\models\Category] 类加载完成!
2014-02-16 00:48:18  [info]  [Common\models\Tag] 类加载完成!
2014-02-16 00:48:18  [info]  [Arsenals\Core\Views\ViewAndModel] 类加载完成!
2014-02-16 00:48:18  [info]  [Arsenals\Core\Views\SimpleView] 类加载完成!
2014-02-16 00:48:18  [info]  [Arsenals\Core\Output] 类加载完成!
2014-02-16 00:48:18  [debug]  [system] 系统运行时间: 1.0462
2014-02-16 00:48:18  [debug]  [system] 控制器执行时间: 1.0253
2014-02-16 00:48:22  [info]  [Arsenals\Core\Input] 类加载完成!
2014-02-16 00:48:22  [info]  [Arsenals\Core\Session] 类加载完成!
2014-02-16 00:48:22  [info]  [Arsenals\Core\Security] 类加载完成!
2014-02-16 00:48:22  [info]  [Arsenals\Core\Uri] 类加载完成!
2014-02-16 00:48:22  [info]  [Arsenals\Core\Router] 类加载完成!
2014-02-16 00:48:22  [info]  [Arsenals\Core\Filters] 类加载完成!
2014-02-16 00:48:22  [info]  [Admin\controllers\Index] 类加载完成!
2014-02-16 00:48:22  [info]  [Arsenals\Core\Input] 类加载完成!
2014-02-16 00:48:22  [info]  [Arsenals\Core\Views\ViewAndModel] 类加载完成!
2014-02-16 00:48:22  [info]  [Arsenals\Core\Views\SimpleView] 类加载完成!
2014-02-16 00:48:22  [info]  [Arsenals\Core\Output] 类加载完成!
2014-02-16 00:48:22  [debug]  [system] 系统运行时间: 0.0258
2014-02-16 00:48:22  [debug]  [system] 控制器执行时间: 0.0059
